<?xml version="1.0" encoding="UTF-8"?>
<testsuite name="Cucumber" time="82.657" tests="2" skipped="0" failures="0" errors="0">
<testcase classname="Title of your feature" name="Title of your scenario outline - Example #1.1" time="48.195">
<system-out><![CDATA[
Given I want to write a step with "name1"...................................passed
When I check for the "5" in step............................................passed
Then I verify the "success" in step.........................................passed
]]></system-out>
</testcase>
<testcase classname="Title of your feature" name="Title of your scenario outline - Example #1.2" time="34.333">
<system-out><![CDATA[
Given I want to write a step with "name2"...................................passed
When I check for the "7" in step............................................passed
Then I verify the "Fail" in step............................................passed
]]></system-out>
</testcase>
</testsuite>
